2025-02-27 17:16:01,315 - INFO - Starting scheduled tasks checker
2025-02-27 17:16:01,316 - INFO - Started scheduler thread
2025-02-27 17:16:04,508 - INFO - Starting scheduled tasks checker
2025-02-27 17:16:04,508 - INFO - Started scheduler thread
2025-02-27 17:17:22,959 - INFO - Starting scheduled tasks checker
2025-02-27 17:17:22,959 - INFO - Started scheduler thread
2025-02-27 17:18:44,219 - INFO - Starting scheduled tasks checker
2025-02-27 17:18:44,220 - INFO - Started scheduler thread
2025-02-27 17:19:22,055 - INFO - Starting scheduled tasks checker
2025-02-27 17:19:22,055 - INFO - Started scheduler thread
2025-02-27 17:19:55,011 - INFO - Starting scheduled tasks checker
2025-02-27 17:19:55,012 - INFO - Started scheduler thread
2025-02-27 17:20:33,519 - INFO - Starting scheduled tasks checker
2025-02-27 17:20:33,528 - INFO - Started scheduler thread
2025-02-27 17:20:36,563 - INFO - Starting scheduled tasks checker
2025-02-27 17:20:36,563 - INFO - Started scheduler thread
2025-02-27 17:21:20,317 - INFO - Starting scheduled tasks checker
2025-02-27 17:21:20,317 - INFO - Started scheduler thread
2025-02-27 17:21:22,457 - INFO - Created new task 4 for URL: https://www.instagram.com/reels/DBy6mQMoF13/
2025-02-27 17:21:23,182 - INFO - Created new task 5 for URL: https://www.instagram.com/reels/DBy6mQMoF13/
2025-02-27 17:21:55,636 - INFO - Starting scheduled tasks checker
2025-02-27 17:21:55,636 - INFO - Started scheduler thread
2025-02-27 17:22:39,135 - INFO - Starting scheduled tasks checker
2025-02-27 17:22:39,135 - INFO - Started scheduler thread
2025-02-27 17:23:13,405 - INFO - Starting scheduled tasks checker
2025-02-27 17:23:13,406 - INFO - Started scheduler thread
2025-02-27 17:23:46,486 - INFO - Starting scheduled tasks checker
2025-02-27 17:23:46,486 - INFO - Started scheduler thread
2025-02-27 17:24:05,603 - INFO - Starting scheduled task checker
2025-02-27 17:25:06,804 - INFO - Starting scheduled task checker
2025-02-27 17:25:15,818 - INFO - Starting scheduled task checker
2025-02-27 17:25:17,146 - ERROR - Error in task checker: (psycopg2.errors.UndefinedColumn) column reel_task.user_id does not exist
LINE 1: ...al, reel_task.last_check AS reel_task_last_check, reel_task....
                                                             ^

[SQL: SELECT reel_task.id AS reel_task_id, reel_task.url AS reel_task_url, reel_task.status AS reel_task_status, reel_task.created_at AS reel_task_created_at, reel_task.scheduled_for AS reel_task_scheduled_for, reel_task.completed_at AS reel_task_completed_at, reel_task.error_message AS reel_task_error_message, reel_task.repeat_interval AS reel_task_repeat_interval, reel_task.last_check AS reel_task_last_check, reel_task.user_id AS reel_task_user_id 
FROM reel_task 
WHERE reel_task.status = %(status_1)s AND reel_task.scheduled_for <= %(scheduled_for_1)s]
[parameters: {'status_1': 'pending', 'scheduled_for_1': datetime.datetime(2025, 2, 27, 17, 25, 15, 820012)}]
(Background on this error at: https://sqlalche.me/e/20/f405)
2025-02-27 17:25:32,429 - ERROR - Error in task checker: (psycopg2.errors.UndefinedColumn) column reel_task.user_id does not exist
LINE 1: ...al, reel_task.last_check AS reel_task_last_check, reel_task....
                                                             ^

[SQL: SELECT reel_task.id AS reel_task_id, reel_task.url AS reel_task_url, reel_task.status AS reel_task_status, reel_task.created_at AS reel_task_created_at, reel_task.scheduled_for AS reel_task_scheduled_for, reel_task.completed_at AS reel_task_completed_at, reel_task.error_message AS reel_task_error_message, reel_task.repeat_interval AS reel_task_repeat_interval, reel_task.last_check AS reel_task_last_check, reel_task.user_id AS reel_task_user_id 
FROM reel_task 
WHERE reel_task.status = %(status_1)s AND reel_task.scheduled_for <= %(scheduled_for_1)s]
[parameters: {'status_1': 'pending', 'scheduled_for_1': datetime.datetime(2025, 2, 27, 17, 25, 32, 146788)}]
(Background on this error at: https://sqlalche.me/e/20/f405)
2025-02-27 17:25:41,019 - INFO - Starting scheduled task checker
2025-02-27 17:25:42,344 - ERROR - Error in task checker: (psycopg2.errors.UndefinedColumn) column reel_task.user_id does not exist
LINE 1: ...al, reel_task.last_check AS reel_task_last_check, reel_task....
                                                             ^

[SQL: SELECT reel_task.id AS reel_task_id, reel_task.url AS reel_task_url, reel_task.status AS reel_task_status, reel_task.created_at AS reel_task_created_at, reel_task.scheduled_for AS reel_task_scheduled_for, reel_task.completed_at AS reel_task_completed_at, reel_task.error_message AS reel_task_error_message, reel_task.repeat_interval AS reel_task_repeat_interval, reel_task.last_check AS reel_task_last_check, reel_task.user_id AS reel_task_user_id 
FROM reel_task 
WHERE reel_task.status = %(status_1)s AND reel_task.scheduled_for <= %(scheduled_for_1)s]
[parameters: {'status_1': 'pending', 'scheduled_for_1': datetime.datetime(2025, 2, 27, 17, 25, 41, 31925)}]
(Background on this error at: https://sqlalche.me/e/20/f405)
2025-02-27 17:25:46,197 - INFO - Starting scheduled task checker
2025-02-27 17:25:47,516 - ERROR - Error in task checker: (psycopg2.errors.UndefinedColumn) column reel_task.user_id does not exist
LINE 1: ...al, reel_task.last_check AS reel_task_last_check, reel_task....
                                                             ^

[SQL: SELECT reel_task.id AS reel_task_id, reel_task.url AS reel_task_url, reel_task.status AS reel_task_status, reel_task.created_at AS reel_task_created_at, reel_task.scheduled_for AS reel_task_scheduled_for, reel_task.completed_at AS reel_task_completed_at, reel_task.error_message AS reel_task_error_message, reel_task.repeat_interval AS reel_task_repeat_interval, reel_task.last_check AS reel_task_last_check, reel_task.user_id AS reel_task_user_id 
FROM reel_task 
WHERE reel_task.status = %(status_1)s AND reel_task.scheduled_for <= %(scheduled_for_1)s]
[parameters: {'status_1': 'pending', 'scheduled_for_1': datetime.datetime(2025, 2, 27, 17, 25, 46, 199313)}]
(Background on this error at: https://sqlalche.me/e/20/f405)
2025-02-27 17:26:02,805 - ERROR - Error in task checker: (psycopg2.errors.UndefinedColumn) column reel_task.user_id does not exist
LINE 1: ...al, reel_task.last_check AS reel_task_last_check, reel_task....
                                                             ^

[SQL: SELECT reel_task.id AS reel_task_id, reel_task.url AS reel_task_url, reel_task.status AS reel_task_status, reel_task.created_at AS reel_task_created_at, reel_task.scheduled_for AS reel_task_scheduled_for, reel_task.completed_at AS reel_task_completed_at, reel_task.error_message AS reel_task_error_message, reel_task.repeat_interval AS reel_task_repeat_interval, reel_task.last_check AS reel_task_last_check, reel_task.user_id AS reel_task_user_id 
FROM reel_task 
WHERE reel_task.status = %(status_1)s AND reel_task.scheduled_for <= %(scheduled_for_1)s]
[parameters: {'status_1': 'pending', 'scheduled_for_1': datetime.datetime(2025, 2, 27, 17, 26, 2, 516633)}]
(Background on this error at: https://sqlalche.me/e/20/f405)
2025-02-27 17:26:08,830 - ERROR - Exception on / [GET]
Traceback (most recent call last):
  File "/home/runner/workspace/.pythonlibs/lib/python3.11/site-packages/sqlalchemy/engine/base.py", line 1964, in _exec_single_context
    self.dialect.do_execute(
  File "/home/runner/workspace/.pythonlibs/lib/python3.11/site-packages/sqlalchemy/engine/default.py", line 942, in do_execute
    cursor.execute(statement, parameters)
psycopg2.errors.UndefinedColumn: column user.instagram_username does not exist
LINE 1: ..._password_hash, "user".is_admin AS user_is_admin, "user".ins...
                                                             ^


The above exception was the direct cause of the following exception:

Traceback (most recent call last):
  File "/home/runner/workspace/.pythonlibs/lib/python3.11/site-packages/flask/app.py", line 1511, in wsgi_app
    response = self.full_dispatch_request()
               ^^^^^^^^^^^^^^^^^^^^^^^^^^^^
  File "/home/runner/workspace/.pythonlibs/lib/python3.11/site-packages/flask/app.py", line 919, in full_dispatch_request
    rv = self.handle_user_exception(e)
         ^^^^^^^^^^^^^^^^^^^^^^^^^^^^^
  File "/home/runner/workspace/.pythonlibs/lib/python3.11/site-packages/flask/app.py", line 917, in full_dispatch_request
    rv = self.dispatch_request()
         ^^^^^^^^^^^^^^^^^^^^^^^
  File "/home/runner/workspace/.pythonlibs/lib/python3.11/site-packages/flask/app.py", line 902, in dispatch_request
    return self.ensure_sync(self.view_functions[rule.endpoint])(**view_args)  # type: ignore[no-any-return]
           ^^^^^^^^^^^^^^^^^^^^^^^^^^^^^^^^^^^^^^^^^^^^^^^^^^^^^^^^^^^^^^^^^
  File "/home/runner/workspace/.pythonlibs/lib/python3.11/site-packages/flask_login/utils.py", line 284, in decorated_view
    elif not current_user.is_authenticated:
             ^^^^^^^^^^^^^^^^^^^^^^^^^^^^^
  File "/home/runner/workspace/.pythonlibs/lib/python3.11/site-packages/werkzeug/local.py", line 318, in __get__
    obj = instance._get_current_object()
          ^^^^^^^^^^^^^^^^^^^^^^^^^^^^^^
  File "/home/runner/workspace/.pythonlibs/lib/python3.11/site-packages/werkzeug/local.py", line 526, in _get_current_object
    return get_name(local())
                    ^^^^^^^
  File "/home/runner/workspace/.pythonlibs/lib/python3.11/site-packages/flask_login/utils.py", line 25, in <lambda>
    current_user = LocalProxy(lambda: _get_user())
                                      ^^^^^^^^^^^
  File "/home/runner/workspace/.pythonlibs/lib/python3.11/site-packages/flask_login/utils.py", line 370, in _get_user
    current_app.login_manager._load_user()
  File "/home/runner/workspace/.pythonlibs/lib/python3.11/site-packages/flask_login/login_manager.py", line 364, in _load_user
    user = self._user_callback(user_id)
           ^^^^^^^^^^^^^^^^^^^^^^^^^^^^
  File "/home/runner/workspace/models.py", line 8, in load_user
    return User.query.get(int(id))
           ^^^^^^^^^^^^^^^^^^^^^^^
  File "<string>", line 2, in get
  File "/home/runner/workspace/.pythonlibs/lib/python3.11/site-packages/sqlalchemy/util/deprecations.py", line 386, in warned
    return fn(*args, **kwargs)  # type: ignore[no-any-return]
           ^^^^^^^^^^^^^^^^^^^
  File "/home/runner/workspace/.pythonlibs/lib/python3.11/site-packages/sqlalchemy/orm/query.py", line 1121, in get
    return self._get_impl(ident, loading.load_on_pk_identity)
           ^^^^^^^^^^^^^^^^^^^^^^^^^^^^^^^^^^^^^^^^^^^^^^^^^^
  File "/home/runner/workspace/.pythonlibs/lib/python3.11/site-packages/sqlalchemy/orm/query.py", line 1130, in _get_impl
    return self.session._get_impl(
           ^^^^^^^^^^^^^^^^^^^^^^^
  File "/home/runner/workspace/.pythonlibs/lib/python3.11/site-packages/sqlalchemy/orm/session.py", line 3874, in _get_impl
    return db_load_fn(
           ^^^^^^^^^^^
  File "/home/runner/workspace/.pythonlibs/lib/python3.11/site-packages/sqlalchemy/orm/loading.py", line 694, in load_on_pk_identity
    session.execute(
  File "/home/runner/workspace/.pythonlibs/lib/python3.11/site-packages/sqlalchemy/orm/session.py", line 2365, in execute
    return self._execute_internal(
           ^^^^^^^^^^^^^^^^^^^^^^^
  File "/home/runner/workspace/.pythonlibs/lib/python3.11/site-packages/sqlalchemy/orm/session.py", line 2251, in _execute_internal
    result: Result[Any] = compile_state_cls.orm_execute_statement(
                          ^^^^^^^^^^^^^^^^^^^^^^^^^^^^^^^^^^^^^^^^
  File "/home/runner/workspace/.pythonlibs/lib/python3.11/site-packages/sqlalchemy/orm/context.py", line 305, in orm_execute_statement
    result = conn.execute(
             ^^^^^^^^^^^^^
  File "/home/runner/workspace/.pythonlibs/lib/python3.11/site-packages/sqlalchemy/engine/base.py", line 1416, in execute
    return meth(
           ^^^^^
  File "/home/runner/workspace/.pythonlibs/lib/python3.11/site-packages/sqlalchemy/sql/elements.py", line 516, in _execute_on_connection
    return connection._execute_clauseelement(
           ^^^^^^^^^^^^^^^^^^^^^^^^^^^^^^^^^^
  File "/home/runner/workspace/.pythonlibs/lib/python3.11/site-packages/sqlalchemy/engine/base.py", line 1638, in _execute_clauseelement
    ret = self._execute_context(
          ^^^^^^^^^^^^^^^^^^^^^^
  File "/home/runner/workspace/.pythonlibs/lib/python3.11/site-packages/sqlalchemy/engine/base.py", line 1843, in _execute_context
    return self._exec_single_context(
           ^^^^^^^^^^^^^^^^^^^^^^^^^^
  File "/home/runner/workspace/.pythonlibs/lib/python3.11/site-packages/sqlalchemy/engine/base.py", line 1983, in _exec_single_context
    self._handle_dbapi_exception(
  File "/home/runner/workspace/.pythonlibs/lib/python3.11/site-packages/sqlalchemy/engine/base.py", line 2352, in _handle_dbapi_exception
    raise sqlalchemy_exception.with_traceback(exc_info[2]) from e
  File "/home/runner/workspace/.pythonlibs/lib/python3.11/site-packages/sqlalchemy/engine/base.py", line 1964, in _exec_single_context
    self.dialect.do_execute(
  File "/home/runner/workspace/.pythonlibs/lib/python3.11/site-packages/sqlalchemy/engine/default.py", line 942, in do_execute
    cursor.execute(statement, parameters)
sqlalchemy.exc.ProgrammingError: (psycopg2.errors.UndefinedColumn) column user.instagram_username does not exist
LINE 1: ..._password_hash, "user".is_admin AS user_is_admin, "user".ins...
                                                             ^

[SQL: SELECT "user".id AS user_id, "user".username AS user_username, "user".password_hash AS user_password_hash, "user".is_admin AS user_is_admin, "user".instagram_username AS user_instagram_username, "user".instagram_password_hash AS user_instagram_password_hash 
FROM "user" 
WHERE "user".id = %(pk_1)s]
[parameters: {'pk_1': 1}]
(Background on this error at: https://sqlalche.me/e/20/f405)
2025-02-27 17:26:18,093 - ERROR - Error in task checker: (psycopg2.errors.UndefinedColumn) column reel_task.user_id does not exist
LINE 1: ...al, reel_task.last_check AS reel_task_last_check, reel_task....
                                                             ^

[SQL: SELECT reel_task.id AS reel_task_id, reel_task.url AS reel_task_url, reel_task.status AS reel_task_status, reel_task.created_at AS reel_task_created_at, reel_task.scheduled_for AS reel_task_scheduled_for, reel_task.completed_at AS reel_task_completed_at, reel_task.error_message AS reel_task_error_message, reel_task.repeat_interval AS reel_task_repeat_interval, reel_task.last_check AS reel_task_last_check, reel_task.user_id AS reel_task_user_id 
FROM reel_task 
WHERE reel_task.status = %(status_1)s AND reel_task.scheduled_for <= %(scheduled_for_1)s]
[parameters: {'status_1': 'pending', 'scheduled_for_1': datetime.datetime(2025, 2, 27, 17, 26, 17, 805794)}]
(Background on this error at: https://sqlalche.me/e/20/f405)
2025-02-27 17:26:33,382 - ERROR - Error in task checker: (psycopg2.errors.UndefinedColumn) column reel_task.user_id does not exist
LINE 1: ...al, reel_task.last_check AS reel_task_last_check, reel_task....
                                                             ^

[SQL: SELECT reel_task.id AS reel_task_id, reel_task.url AS reel_task_url, reel_task.status AS reel_task_status, reel_task.created_at AS reel_task_created_at, reel_task.scheduled_for AS reel_task_scheduled_for, reel_task.completed_at AS reel_task_completed_at, reel_task.error_message AS reel_task_error_message, reel_task.repeat_interval AS reel_task_repeat_interval, reel_task.last_check AS reel_task_last_check, reel_task.user_id AS reel_task_user_id 
FROM reel_task 
WHERE reel_task.status = %(status_1)s AND reel_task.scheduled_for <= %(scheduled_for_1)s]
[parameters: {'status_1': 'pending', 'scheduled_for_1': datetime.datetime(2025, 2, 27, 17, 26, 33, 94666)}]
(Background on this error at: https://sqlalche.me/e/20/f405)
2025-02-27 17:26:48,671 - ERROR - Error in task checker: (psycopg2.errors.UndefinedColumn) column reel_task.user_id does not exist
LINE 1: ...al, reel_task.last_check AS reel_task_last_check, reel_task....
                                                             ^

[SQL: SELECT reel_task.id AS reel_task_id, reel_task.url AS reel_task_url, reel_task.status AS reel_task_status, reel_task.created_at AS reel_task_created_at, reel_task.scheduled_for AS reel_task_scheduled_for, reel_task.completed_at AS reel_task_completed_at, reel_task.error_message AS reel_task_error_message, reel_task.repeat_interval AS reel_task_repeat_interval, reel_task.last_check AS reel_task_last_check, reel_task.user_id AS reel_task_user_id 
FROM reel_task 
WHERE reel_task.status = %(status_1)s AND reel_task.scheduled_for <= %(scheduled_for_1)s]
[parameters: {'status_1': 'pending', 'scheduled_for_1': datetime.datetime(2025, 2, 27, 17, 26, 48, 382735)}]
(Background on this error at: https://sqlalche.me/e/20/f405)
2025-02-27 17:27:03,957 - ERROR - Error in task checker: (psycopg2.errors.UndefinedColumn) column reel_task.user_id does not exist
LINE 1: ...al, reel_task.last_check AS reel_task_last_check, reel_task....
                                                             ^

[SQL: SELECT reel_task.id AS reel_task_id, reel_task.url AS reel_task_url, reel_task.status AS reel_task_status, reel_task.created_at AS reel_task_created_at, reel_task.scheduled_for AS reel_task_scheduled_for, reel_task.completed_at AS reel_task_completed_at, reel_task.error_message AS reel_task_error_message, reel_task.repeat_interval AS reel_task_repeat_interval, reel_task.last_check AS reel_task_last_check, reel_task.user_id AS reel_task_user_id 
FROM reel_task 
WHERE reel_task.status = %(status_1)s AND reel_task.scheduled_for <= %(scheduled_for_1)s]
[parameters: {'status_1': 'pending', 'scheduled_for_1': datetime.datetime(2025, 2, 27, 17, 27, 3, 671875)}]
(Background on this error at: https://sqlalche.me/e/20/f405)
2025-02-27 17:27:30,760 - INFO - Starting scheduled task checker
2025-02-27 17:28:15,381 - INFO - Starting scheduled task checker
2025-02-27 17:28:50,818 - INFO - Starting scheduled task checker
2025-02-27 17:29:27,349 - INFO - Starting scheduled task checker
2025-02-27 17:30:04,932 - INFO - Starting scheduled task checker
2025-02-27 17:30:36,648 - INFO - Starting scheduled task checker
2025-02-27 17:31:35,098 - INFO - Starting scheduled task checker
2025-02-27 17:32:11,486 - INFO - Starting scheduled task checker
2025-02-27 17:32:49,875 - INFO - Starting scheduled task checker
2025-02-27 17:32:57,073 - INFO - Starting scheduled task checker
2025-02-27 17:33:26,008 - INFO - Instagram credentials updated for user: liftlearnrepeat
2025-02-27 17:33:47,833 - INFO - Created new task 6 for URL: https://www.instagram.com/reels/DBy6mQMoF13/
2025-02-27 17:33:59,913 - INFO - Starting scheduled task checker
2025-02-27 17:34:34,292 - INFO - Starting scheduled task checker
2025-02-27 17:35:07,696 - INFO - Starting scheduled task checker
2025-02-27 17:35:41,737 - INFO - Starting scheduled task checker
2025-02-27 17:36:15,444 - INFO - Starting scheduled task checker
2025-02-27 17:36:49,632 - INFO - Starting scheduled task checker
2025-02-27 17:37:23,015 - INFO - Starting scheduled task checker
2025-02-27 17:37:24,637 - INFO - Starting scheduled task checker
2025-02-27 17:37:57,567 - INFO - Starting scheduled task checker
2025-02-27 17:37:59,666 - INFO - Created new task 7 for URL: https://www.instagram.com/reels/DBy6mQMoF13/
2025-02-27 17:38:00,335 - INFO - Created new task 8 for URL: https://www.instagram.com/reels/DBy6mQMoF13/
2025-02-27 17:38:31,873 - INFO - Starting scheduled task checker
2025-02-27 17:39:06,004 - INFO - Starting scheduled task checker
2025-02-27 17:39:40,268 - INFO - Starting scheduled task checker
2025-02-27 17:40:14,240 - INFO - Starting scheduled task checker
2025-02-27 17:40:31,151 - INFO - Starting scheduled task checker
2025-02-27 17:40:39,864 - INFO - Starting scheduled task checker
2025-02-27 17:40:42,123 - INFO - Task 8 deleted by user liftlearnrepeat
2025-02-27 17:40:44,993 - INFO - Task 6 deleted by user liftlearnrepeat
2025-02-27 17:40:48,233 - INFO - Task 7 deleted by user liftlearnrepeat
2025-02-27 17:41:06,954 - INFO - Starting scheduled task checker
2025-02-27 17:41:08,720 - ERROR - Error in stream_task_updates: 'NoneType' object has no attribute 'id'
2025-02-27 17:41:10,720 - ERROR - Error in stream_task_updates: 'NoneType' object has no attribute 'id'
2025-02-27 17:41:12,721 - ERROR - Error in stream_task_updates: 'NoneType' object has no attribute 'id'
2025-02-27 17:41:14,722 - ERROR - Error in stream_task_updates: 'NoneType' object has no attribute 'id'
2025-02-27 17:41:16,722 - ERROR - Error in stream_task_updates: 'NoneType' object has no attribute 'id'
2025-02-27 17:41:18,723 - ERROR - Error in stream_task_updates: 'NoneType' object has no attribute 'id'
2025-02-27 17:41:20,723 - ERROR - Error in stream_task_updates: 'NoneType' object has no attribute 'id'
2025-02-27 17:41:22,724 - ERROR - Error in stream_task_updates: 'NoneType' object has no attribute 'id'
2025-02-27 17:41:24,725 - ERROR - Error in stream_task_updates: 'NoneType' object has no attribute 'id'
2025-02-27 17:41:26,725 - ERROR - Error in stream_task_updates: 'NoneType' object has no attribute 'id'
2025-02-27 17:41:28,726 - ERROR - Error in stream_task_updates: 'NoneType' object has no attribute 'id'
2025-02-27 17:41:30,727 - ERROR - Error in stream_task_updates: 'NoneType' object has no attribute 'id'
2025-02-27 17:41:32,737 - ERROR - Error in stream_task_updates: 'NoneType' object has no attribute 'id'
2025-02-27 17:41:34,739 - ERROR - Error in stream_task_updates: 'NoneType' object has no attribute 'id'
2025-02-27 17:41:36,741 - ERROR - Error in stream_task_updates: 'NoneType' object has no attribute 'id'
2025-02-27 17:41:39,249 - INFO - Starting scheduled task checker
2025-02-27 17:41:42,886 - ERROR - Error in stream_task_updates: 'NoneType' object has no attribute 'id'
2025-02-27 17:41:44,902 - ERROR - Error in stream_task_updates: 'NoneType' object has no attribute 'id'
2025-02-27 17:41:46,903 - ERROR - Error in stream_task_updates: 'NoneType' object has no attribute 'id'
2025-02-27 17:41:48,903 - ERROR - Error in stream_task_updates: 'NoneType' object has no attribute 'id'
2025-02-27 17:41:50,904 - ERROR - Error in stream_task_updates: 'NoneType' object has no attribute 'id'
2025-02-27 17:41:52,905 - ERROR - Error in stream_task_updates: 'NoneType' object has no attribute 'id'
2025-02-27 17:41:54,905 - ERROR - Error in stream_task_updates: 'NoneType' object has no attribute 'id'
2025-02-27 17:41:56,906 - ERROR - Error in stream_task_updates: 'NoneType' object has no attribute 'id'
2025-02-27 17:41:58,906 - ERROR - Error in stream_task_updates: 'NoneType' object has no attribute 'id'
2025-02-27 17:42:00,907 - ERROR - Error in stream_task_updates: 'NoneType' object has no attribute 'id'
2025-02-27 17:42:02,908 - ERROR - Error in stream_task_updates: 'NoneType' object has no attribute 'id'
2025-02-27 17:42:04,909 - ERROR - Error in stream_task_updates: 'NoneType' object has no attribute 'id'
2025-02-27 17:42:06,909 - ERROR - Error in stream_task_updates: 'NoneType' object has no attribute 'id'
2025-02-27 17:42:08,910 - ERROR - Error in stream_task_updates: 'NoneType' object has no attribute 'id'
2025-02-27 17:42:10,910 - ERROR - Error in stream_task_updates: 'NoneType' object has no attribute 'id'
2025-02-27 17:42:11,466 - INFO - Starting scheduled task checker
2025-02-27 17:42:13,329 - INFO - Starting scheduled task checker
2025-02-27 17:42:13,543 - INFO - Created new task 9 for URL: https://www.instagram.com/reels/DBy6mQMoF13/
2025-02-27 17:42:15,455 - ERROR - Error in stream_task_updates: 'NoneType' object has no attribute 'id'
2025-02-27 17:42:17,456 - ERROR - Error in stream_task_updates: 'NoneType' object has no attribute 'id'
2025-02-27 17:42:19,459 - ERROR - Error in stream_task_updates: 'NoneType' object has no attribute 'id'
2025-02-27 17:42:21,460 - ERROR - Error in stream_task_updates: 'NoneType' object has no attribute 'id'
2025-02-27 17:42:23,461 - ERROR - Error in stream_task_updates: 'NoneType' object has no attribute 'id'
2025-02-27 17:42:25,461 - ERROR - Error in stream_task_updates: 'NoneType' object has no attribute 'id'
2025-02-27 17:42:27,462 - ERROR - Error in stream_task_updates: 'NoneType' object has no attribute 'id'
2025-02-27 17:42:29,463 - ERROR - Error in stream_task_updates: 'NoneType' object has no attribute 'id'
2025-02-27 17:42:31,463 - ERROR - Error in stream_task_updates: 'NoneType' object has no attribute 'id'
2025-02-27 17:42:33,464 - ERROR - Error in stream_task_updates: 'NoneType' object has no attribute 'id'
2025-02-27 17:42:35,465 - ERROR - Error in stream_task_updates: 'NoneType' object has no attribute 'id'
2025-02-27 17:42:37,466 - ERROR - Error in stream_task_updates: 'NoneType' object has no attribute 'id'
2025-02-27 17:42:39,466 - ERROR - Error in stream_task_updates: 'NoneType' object has no attribute 'id'
2025-02-27 17:42:41,467 - ERROR - Error in stream_task_updates: 'NoneType' object has no attribute 'id'
2025-02-27 17:42:43,468 - ERROR - Error in stream_task_updates: 'NoneType' object has no attribute 'id'
2025-02-27 17:42:44,614 - INFO - Starting scheduled task checker
2025-02-27 17:42:45,468 - ERROR - Error in stream_task_updates: 'NoneType' object has no attribute 'id'
2025-02-27 17:42:46,582 - INFO - Starting scheduled task checker
2025-02-27 17:42:48,353 - ERROR - Error in stream_task_updates: 'NoneType' object has no attribute 'id'
2025-02-27 17:42:50,354 - ERROR - Error in stream_task_updates: 'NoneType' object has no attribute 'id'
2025-02-27 17:42:52,354 - ERROR - Error in stream_task_updates: 'NoneType' object has no attribute 'id'
2025-02-27 17:42:54,356 - ERROR - Error in stream_task_updates: 'NoneType' object has no attribute 'id'
2025-02-27 17:42:56,357 - ERROR - Error in stream_task_updates: 'NoneType' object has no attribute 'id'
2025-02-27 17:42:58,357 - ERROR - Error in stream_task_updates: 'NoneType' object has no attribute 'id'
2025-02-27 17:43:00,358 - ERROR - Error in stream_task_updates: 'NoneType' object has no attribute 'id'
2025-02-27 17:43:02,358 - ERROR - Error in stream_task_updates: 'NoneType' object has no attribute 'id'
2025-02-27 17:43:04,359 - ERROR - Error in stream_task_updates: 'NoneType' object has no attribute 'id'
2025-02-27 17:43:06,360 - ERROR - Error in stream_task_updates: 'NoneType' object has no attribute 'id'
2025-02-27 17:43:08,361 - ERROR - Error in stream_task_updates: 'NoneType' object has no attribute 'id'
2025-02-27 17:43:10,361 - ERROR - Error in stream_task_updates: 'NoneType' object has no attribute 'id'
2025-02-27 17:43:12,365 - ERROR - Error in stream_task_updates: 'NoneType' object has no attribute 'id'
2025-02-27 17:43:14,366 - ERROR - Error in stream_task_updates: 'NoneType' object has no attribute 'id'
2025-02-27 17:43:16,366 - ERROR - Error in stream_task_updates: 'NoneType' object has no attribute 'id'
2025-02-27 17:43:16,882 - INFO - Starting scheduled task checker
2025-02-27 17:43:18,684 - INFO - Starting scheduled task checker
2025-02-27 17:43:20,425 - ERROR - Error in stream_task_updates: 'NoneType' object has no attribute 'id'
2025-02-27 17:43:22,425 - ERROR - Error in stream_task_updates: 'NoneType' object has no attribute 'id'
2025-02-27 17:43:24,427 - ERROR - Error in stream_task_updates: 'NoneType' object has no attribute 'id'
2025-02-27 17:43:26,427 - ERROR - Error in stream_task_updates: 'NoneType' object has no attribute 'id'
2025-02-27 17:43:28,428 - ERROR - Error in stream_task_updates: 'NoneType' object has no attribute 'id'
2025-02-27 17:43:30,429 - ERROR - Error in stream_task_updates: 'NoneType' object has no attribute 'id'
2025-02-27 17:43:32,429 - ERROR - Error in stream_task_updates: 'NoneType' object has no attribute 'id'
2025-02-27 17:43:34,430 - ERROR - Error in stream_task_updates: 'NoneType' object has no attribute 'id'
2025-02-27 17:43:36,430 - ERROR - Error in stream_task_updates: 'NoneType' object has no attribute 'id'
2025-02-27 17:43:38,431 - ERROR - Error in stream_task_updates: 'NoneType' object has no attribute 'id'
2025-02-27 17:43:40,432 - ERROR - Error in stream_task_updates: 'NoneType' object has no attribute 'id'
2025-02-27 17:43:42,432 - ERROR - Error in stream_task_updates: 'NoneType' object has no attribute 'id'
2025-02-27 17:43:44,433 - ERROR - Error in stream_task_updates: 'NoneType' object has no attribute 'id'
2025-02-27 17:43:46,433 - ERROR - Error in stream_task_updates: 'NoneType' object has no attribute 'id'
2025-02-27 17:43:48,434 - ERROR - Error in stream_task_updates: 'NoneType' object has no attribute 'id'
2025-02-27 17:43:49,161 - INFO - Starting scheduled task checker
2025-02-27 17:43:50,872 - INFO - Starting scheduled task checker
2025-02-27 17:43:50,887 - ERROR - Error in stream_task_updates: 'NoneType' object has no attribute 'id'
2025-02-27 17:43:52,888 - ERROR - Error in stream_task_updates: 'NoneType' object has no attribute 'id'
2025-02-27 17:43:54,888 - ERROR - Error in stream_task_updates: 'NoneType' object has no attribute 'id'
2025-02-27 17:43:56,889 - ERROR - Error in stream_task_updates: 'NoneType' object has no attribute 'id'
2025-02-27 17:43:58,890 - ERROR - Error in stream_task_updates: 'NoneType' object has no attribute 'id'
2025-02-27 17:44:00,890 - ERROR - Error in stream_task_updates: 'NoneType' object has no attribute 'id'
2025-02-27 17:44:02,891 - ERROR - Error in stream_task_updates: 'NoneType' object has no attribute 'id'
2025-02-27 17:44:04,892 - ERROR - Error in stream_task_updates: 'NoneType' object has no attribute 'id'
2025-02-27 17:44:06,892 - ERROR - Error in stream_task_updates: 'NoneType' object has no attribute 'id'
2025-02-27 17:44:08,893 - ERROR - Error in stream_task_updates: 'NoneType' object has no attribute 'id'
2025-02-27 17:44:10,894 - ERROR - Error in stream_task_updates: 'NoneType' object has no attribute 'id'
2025-02-27 17:44:12,894 - ERROR - Error in stream_task_updates: 'NoneType' object has no attribute 'id'
2025-02-27 17:44:14,895 - ERROR - Error in stream_task_updates: 'NoneType' object has no attribute 'id'
2025-02-27 17:44:16,896 - ERROR - Error in stream_task_updates: 'NoneType' object has no attribute 'id'
2025-02-27 17:44:18,898 - ERROR - Error in stream_task_updates: 'NoneType' object has no attribute 'id'
2025-02-27 17:44:21,307 - INFO - Starting scheduled task checker
2025-02-27 17:44:24,153 - INFO - Starting scheduled task checker
2025-02-27 17:44:26,232 - ERROR - Error in stream_task_updates: 'NoneType' object has no attribute 'id'
2025-02-27 17:44:28,233 - ERROR - Error in stream_task_updates: 'NoneType' object has no attribute 'id'
2025-02-27 17:44:30,233 - ERROR - Error in stream_task_updates: 'NoneType' object has no attribute 'id'
2025-02-27 17:44:32,234 - ERROR - Error in stream_task_updates: 'NoneType' object has no attribute 'id'
2025-02-27 17:44:34,235 - ERROR - Error in stream_task_updates: 'NoneType' object has no attribute 'id'
2025-02-27 17:44:36,235 - ERROR - Error in stream_task_updates: 'NoneType' object has no attribute 'id'
2025-02-27 17:44:38,236 - ERROR - Error in stream_task_updates: 'NoneType' object has no attribute 'id'
2025-02-27 17:44:40,237 - ERROR - Error in stream_task_updates: 'NoneType' object has no attribute 'id'
2025-02-27 17:44:42,237 - ERROR - Error in stream_task_updates: 'NoneType' object has no attribute 'id'
2025-02-27 17:44:44,238 - ERROR - Error in stream_task_updates: 'NoneType' object has no attribute 'id'
2025-02-27 17:44:46,238 - ERROR - Error in stream_task_updates: 'NoneType' object has no attribute 'id'
2025-02-27 17:44:48,239 - ERROR - Error in stream_task_updates: 'NoneType' object has no attribute 'id'
2025-02-27 17:44:50,240 - ERROR - Error in stream_task_updates: 'NoneType' object has no attribute 'id'
2025-02-27 17:44:52,240 - ERROR - Error in stream_task_updates: 'NoneType' object has no attribute 'id'
2025-02-27 17:44:54,241 - ERROR - Error in stream_task_updates: 'NoneType' object has no attribute 'id'
2025-02-27 17:44:56,527 - INFO - Starting scheduled task checker
2025-02-27 17:44:57,268 - INFO - Starting scheduled task checker
2025-02-27 17:45:01,551 - ERROR - Error in stream_task_updates: 'NoneType' object has no attribute 'id'
2025-02-27 17:45:03,552 - ERROR - Error in stream_task_updates: 'NoneType' object has no attribute 'id'
2025-02-27 17:45:05,552 - ERROR - Error in stream_task_updates: 'NoneType' object has no attribute 'id'
2025-02-27 17:45:07,553 - ERROR - Error in stream_task_updates: 'NoneType' object has no attribute 'id'
2025-02-27 17:45:09,554 - ERROR - Error in stream_task_updates: 'NoneType' object has no attribute 'id'
2025-02-27 17:45:11,554 - ERROR - Error in stream_task_updates: 'NoneType' object has no attribute 'id'
2025-02-27 17:45:13,555 - ERROR - Error in stream_task_updates: 'NoneType' object has no attribute 'id'
2025-02-27 17:45:15,556 - ERROR - Error in stream_task_updates: 'NoneType' object has no attribute 'id'
2025-02-27 17:45:17,556 - ERROR - Error in stream_task_updates: 'NoneType' object has no attribute 'id'
2025-02-27 17:45:19,557 - ERROR - Error in stream_task_updates: 'NoneType' object has no attribute 'id'
2025-02-27 17:45:21,558 - ERROR - Error in stream_task_updates: 'NoneType' object has no attribute 'id'
2025-02-27 17:45:23,558 - ERROR - Error in stream_task_updates: 'NoneType' object has no attribute 'id'
2025-02-27 17:45:25,559 - ERROR - Error in stream_task_updates: 'NoneType' object has no attribute 'id'
2025-02-27 17:45:27,561 - ERROR - Error in stream_task_updates: 'NoneType' object has no attribute 'id'
2025-02-27 17:45:29,562 - ERROR - Error in stream_task_updates: 'NoneType' object has no attribute 'id'
2025-02-27 17:45:31,563 - ERROR - Error in stream_task_updates: 'NoneType' object has no attribute 'id'
2025-02-27 17:45:31,590 - INFO - Starting scheduled task checker
2025-02-27 17:45:32,816 - INFO - Starting scheduled task checker
2025-02-27 17:46:05,079 - INFO - Starting scheduled task checker
2025-02-27 17:46:06,833 - ERROR - Error in stream_task_updates: 'NoneType' object has no attribute 'id'
2025-02-27 17:46:08,833 - ERROR - Error in stream_task_updates: 'NoneType' object has no attribute 'id'
2025-02-27 17:46:10,834 - ERROR - Error in stream_task_updates: 'NoneType' object has no attribute 'id'
2025-02-27 17:46:12,835 - ERROR - Error in stream_task_updates: 'NoneType' object has no attribute 'id'
2025-02-27 17:46:14,835 - ERROR - Error in stream_task_updates: 'NoneType' object has no attribute 'id'
2025-02-27 17:46:16,836 - ERROR - Error in stream_task_updates: 'NoneType' object has no attribute 'id'
2025-02-27 17:46:18,837 - ERROR - Error in stream_task_updates: 'NoneType' object has no attribute 'id'
2025-02-27 17:46:20,837 - ERROR - Error in stream_task_updates: 'NoneType' object has no attribute 'id'
2025-02-27 17:46:22,838 - ERROR - Error in stream_task_updates: 'NoneType' object has no attribute 'id'
2025-02-27 17:46:24,838 - ERROR - Error in stream_task_updates: 'NoneType' object has no attribute 'id'
2025-02-27 17:46:26,839 - ERROR - Error in stream_task_updates: 'NoneType' object has no attribute 'id'
2025-02-27 17:46:28,840 - ERROR - Error in stream_task_updates: 'NoneType' object has no attribute 'id'
2025-02-27 17:46:30,840 - ERROR - Error in stream_task_updates: 'NoneType' object has no attribute 'id'
2025-02-27 17:46:32,841 - ERROR - Error in stream_task_updates: 'NoneType' object has no attribute 'id'
2025-02-27 17:46:34,842 - ERROR - Error in stream_task_updates: 'NoneType' object has no attribute 'id'
2025-02-27 17:46:37,198 - INFO - Starting scheduled task checker
2025-02-27 17:46:38,837 - INFO - Starting scheduled task checker
2025-02-27 17:46:42,193 - ERROR - Error in stream_task_updates: 'NoneType' object has no attribute 'id'
2025-02-27 17:46:44,195 - ERROR - Error in stream_task_updates: 'NoneType' object has no attribute 'id'
2025-02-27 17:46:46,196 - ERROR - Error in stream_task_updates: 'NoneType' object has no attribute 'id'
2025-02-27 17:46:48,196 - ERROR - Error in stream_task_updates: 'NoneType' object has no attribute 'id'
2025-02-27 17:46:50,197 - ERROR - Error in stream_task_updates: 'NoneType' object has no attribute 'id'
2025-02-27 17:46:52,198 - ERROR - Error in stream_task_updates: 'NoneType' object has no attribute 'id'
2025-02-27 17:46:54,198 - ERROR - Error in stream_task_updates: 'NoneType' object has no attribute 'id'
2025-02-27 17:46:56,199 - ERROR - Error in stream_task_updates: 'NoneType' object has no attribute 'id'
2025-02-27 17:46:58,199 - ERROR - Error in stream_task_updates: 'NoneType' object has no attribute 'id'
2025-02-27 17:47:00,201 - ERROR - Error in stream_task_updates: 'NoneType' object has no attribute 'id'
2025-02-27 17:47:02,201 - ERROR - Error in stream_task_updates: 'NoneType' object has no attribute 'id'
2025-02-27 17:47:04,202 - ERROR - Error in stream_task_updates: 'NoneType' object has no attribute 'id'
2025-02-27 17:47:06,202 - ERROR - Error in stream_task_updates: 'NoneType' object has no attribute 'id'
2025-02-27 17:47:08,203 - ERROR - Error in stream_task_updates: 'NoneType' object has no attribute 'id'
2025-02-27 17:47:10,204 - ERROR - Error in stream_task_updates: 'NoneType' object has no attribute 'id'
2025-02-27 17:47:12,204 - ERROR - Error in stream_task_updates: 'NoneType' object has no attribute 'id'
2025-02-27 17:47:12,697 - INFO - Starting scheduled task checker
2025-02-27 17:47:13,405 - INFO - Starting scheduled task checker
2025-02-27 17:47:18,033 - ERROR - Error in stream_task_updates: 'NoneType' object has no attribute 'id'
2025-02-27 17:47:20,033 - ERROR - Error in stream_task_updates: 'NoneType' object has no attribute 'id'
2025-02-27 17:47:22,034 - ERROR - Error in stream_task_updates: 'NoneType' object has no attribute 'id'
2025-02-27 17:47:24,035 - ERROR - Error in stream_task_updates: 'NoneType' object has no attribute 'id'
2025-02-27 17:47:26,035 - ERROR - Error in stream_task_updates: 'NoneType' object has no attribute 'id'
2025-02-27 17:47:28,036 - ERROR - Error in stream_task_updates: 'NoneType' object has no attribute 'id'
2025-02-27 17:47:30,036 - ERROR - Error in stream_task_updates: 'NoneType' object has no attribute 'id'
2025-02-27 17:47:32,037 - ERROR - Error in stream_task_updates: 'NoneType' object has no attribute 'id'
2025-02-27 17:47:34,037 - ERROR - Error in stream_task_updates: 'NoneType' object has no attribute 'id'
2025-02-27 17:47:36,038 - ERROR - Error in stream_task_updates: 'NoneType' object has no attribute 'id'
2025-02-27 17:47:38,038 - ERROR - Error in stream_task_updates: 'NoneType' object has no attribute 'id'
2025-02-27 17:47:40,039 - ERROR - Error in stream_task_updates: 'NoneType' object has no attribute 'id'
2025-02-27 17:47:42,040 - ERROR - Error in stream_task_updates: 'NoneType' object has no attribute 'id'
2025-02-27 17:47:44,040 - ERROR - Error in stream_task_updates: 'NoneType' object has no attribute 'id'
2025-02-27 17:47:46,041 - ERROR - Error in stream_task_updates: 'NoneType' object has no attribute 'id'
2025-02-27 17:47:46,699 - INFO - Starting scheduled task checker
2025-02-27 17:47:48,454 - INFO - Starting scheduled task checker
2025-02-27 17:47:53,404 - ERROR - Error in stream_task_updates: 'NoneType' object has no attribute 'id'
2025-02-27 17:47:55,405 - ERROR - Error in stream_task_updates: 'NoneType' object has no attribute 'id'
2025-02-27 17:47:57,405 - ERROR - Error in stream_task_updates: 'NoneType' object has no attribute 'id'
2025-02-27 17:47:59,406 - ERROR - Error in stream_task_updates: 'NoneType' object has no attribute 'id'
2025-02-27 17:48:01,407 - ERROR - Error in stream_task_updates: 'NoneType' object has no attribute 'id'
2025-02-27 17:48:03,407 - ERROR - Error in stream_task_updates: 'NoneType' object has no attribute 'id'
2025-02-27 17:48:05,408 - ERROR - Error in stream_task_updates: 'NoneType' object has no attribute 'id'
2025-02-27 17:48:07,409 - ERROR - Error in stream_task_updates: 'NoneType' object has no attribute 'id'
2025-02-27 17:48:09,410 - ERROR - Error in stream_task_updates: 'NoneType' object has no attribute 'id'
2025-02-27 17:48:11,410 - ERROR - Error in stream_task_updates: 'NoneType' object has no attribute 'id'
2025-02-27 17:48:13,411 - ERROR - Error in stream_task_updates: 'NoneType' object has no attribute 'id'
2025-02-27 17:48:15,412 - ERROR - Error in stream_task_updates: 'NoneType' object has no attribute 'id'
2025-02-27 17:48:17,413 - ERROR - Error in stream_task_updates: 'NoneType' object has no attribute 'id'
2025-02-27 17:48:19,413 - ERROR - Error in stream_task_updates: 'NoneType' object has no attribute 'id'
2025-02-27 17:48:20,750 - INFO - Starting scheduled task checker
2025-02-27 17:48:21,414 - ERROR - Error in stream_task_updates: 'NoneType' object has no attribute 'id'
2025-02-27 17:48:23,929 - INFO - Starting scheduled task checker
2025-02-27 17:48:56,319 - INFO - Starting scheduled task checker
2025-02-27 17:48:58,105 - ERROR - Error in stream_task_updates: 'NoneType' object has no attribute 'id'
2025-02-27 17:49:00,107 - ERROR - Error in stream_task_updates: 'NoneType' object has no attribute 'id'
2025-02-27 17:49:02,111 - ERROR - Error in stream_task_updates: 'NoneType' object has no attribute 'id'
2025-02-27 17:49:04,111 - ERROR - Error in stream_task_updates: 'NoneType' object has no attribute 'id'
2025-02-27 17:49:06,112 - ERROR - Error in stream_task_updates: 'NoneType' object has no attribute 'id'
2025-02-27 17:49:08,113 - ERROR - Error in stream_task_updates: 'NoneType' object has no attribute 'id'
2025-02-27 17:49:10,113 - ERROR - Error in stream_task_updates: 'NoneType' object has no attribute 'id'
2025-02-27 17:49:12,114 - ERROR - Error in stream_task_updates: 'NoneType' object has no attribute 'id'
2025-02-27 17:49:14,115 - ERROR - Error in stream_task_updates: 'NoneType' object has no attribute 'id'
2025-02-27 17:49:16,115 - ERROR - Error in stream_task_updates: 'NoneType' object has no attribute 'id'
2025-02-27 17:49:18,116 - ERROR - Error in stream_task_updates: 'NoneType' object has no attribute 'id'
2025-02-27 17:49:20,117 - ERROR - Error in stream_task_updates: 'NoneType' object has no attribute 'id'
2025-02-27 17:49:22,117 - ERROR - Error in stream_task_updates: 'NoneType' object has no attribute 'id'
2025-02-27 17:49:24,118 - ERROR - Error in stream_task_updates: 'NoneType' object has no attribute 'id'
2025-02-27 17:49:26,118 - ERROR - Error in stream_task_updates: 'NoneType' object has no attribute 'id'
2025-02-27 17:49:28,445 - INFO - Starting scheduled task checker
2025-02-27 17:49:30,010 - INFO - Starting scheduled task checker
2025-02-27 17:50:03,614 - INFO - Starting scheduled task checker
2025-02-27 17:50:05,362 - ERROR - Error in stream_task_updates: 'NoneType' object has no attribute 'id'
2025-02-27 17:50:07,362 - ERROR - Error in stream_task_updates: 'NoneType' object has no attribute 'id'
2025-02-27 17:50:09,363 - ERROR - Error in stream_task_updates: 'NoneType' object has no attribute 'id'
2025-02-27 17:50:11,363 - ERROR - Error in stream_task_updates: 'NoneType' object has no attribute 'id'
2025-02-27 17:50:13,364 - ERROR - Error in stream_task_updates: 'NoneType' object has no attribute 'id'
2025-02-27 17:50:15,365 - ERROR - Error in stream_task_updates: 'NoneType' object has no attribute 'id'
2025-02-27 17:50:17,365 - ERROR - Error in stream_task_updates: 'NoneType' object has no attribute 'id'
2025-02-27 17:50:19,366 - ERROR - Error in stream_task_updates: 'NoneType' object has no attribute 'id'
2025-02-27 17:50:21,366 - ERROR - Error in stream_task_updates: 'NoneType' object has no attribute 'id'
2025-02-27 17:50:23,367 - ERROR - Error in stream_task_updates: 'NoneType' object has no attribute 'id'
2025-02-27 17:50:25,368 - ERROR - Error in stream_task_updates: 'NoneType' object has no attribute 'id'
2025-02-27 17:50:27,368 - ERROR - Error in stream_task_updates: 'NoneType' object has no attribute 'id'
2025-02-27 17:50:29,369 - ERROR - Error in stream_task_updates: 'NoneType' object has no attribute 'id'
2025-02-27 17:50:31,369 - ERROR - Error in stream_task_updates: 'NoneType' object has no attribute 'id'
2025-02-27 17:50:33,370 - ERROR - Error in stream_task_updates: 'NoneType' object has no attribute 'id'
2025-02-27 17:50:35,719 - INFO - Starting scheduled task checker
2025-02-27 17:51:08,356 - INFO - Starting scheduled task checker
2025-02-27 17:51:10,274 - ERROR - Error in stream_task_updates: 'NoneType' object has no attribute 'id'
2025-02-27 17:51:12,276 - ERROR - Error in stream_task_updates: 'NoneType' object has no attribute 'id'
2025-02-27 17:51:14,277 - ERROR - Error in stream_task_updates: 'NoneType' object has no attribute 'id'
2025-02-27 17:51:16,278 - ERROR - Error in stream_task_updates: 'NoneType' object has no attribute 'id'
2025-02-27 17:51:18,278 - ERROR - Error in stream_task_updates: 'NoneType' object has no attribute 'id'
2025-02-27 17:51:20,279 - ERROR - Error in stream_task_updates: 'NoneType' object has no attribute 'id'
2025-02-27 17:51:22,279 - ERROR - Error in stream_task_updates: 'NoneType' object has no attribute 'id'
2025-02-27 17:51:24,280 - ERROR - Error in stream_task_updates: 'NoneType' object has no attribute 'id'
2025-02-27 17:51:26,281 - ERROR - Error in stream_task_updates: 'NoneType' object has no attribute 'id'
2025-02-27 17:51:28,281 - ERROR - Error in stream_task_updates: 'NoneType' object has no attribute 'id'
2025-02-27 17:51:30,282 - ERROR - Error in stream_task_updates: 'NoneType' object has no attribute 'id'
2025-02-27 17:51:32,283 - ERROR - Error in stream_task_updates: 'NoneType' object has no attribute 'id'
2025-02-27 17:51:34,283 - ERROR - Error in stream_task_updates: 'NoneType' object has no attribute 'id'
2025-02-27 17:51:36,284 - ERROR - Error in stream_task_updates: 'NoneType' object has no attribute 'id'
2025-02-27 17:51:38,285 - ERROR - Error in stream_task_updates: 'NoneType' object has no attribute 'id'
2025-02-27 17:51:40,285 - ERROR - Error in stream_task_updates: 'NoneType' object has no attribute 'id'
2025-02-27 17:51:41,219 - INFO - Starting scheduled task checker
2025-02-27 17:51:46,233 - ERROR - Error in stream_task_updates: 'NoneType' object has no attribute 'id'
2025-02-27 17:51:48,233 - ERROR - Error in stream_task_updates: 'NoneType' object has no attribute 'id'
2025-02-27 17:51:50,234 - ERROR - Error in stream_task_updates: 'NoneType' object has no attribute 'id'
2025-02-27 17:51:52,234 - ERROR - Error in stream_task_updates: 'NoneType' object has no attribute 'id'
2025-02-27 17:51:54,235 - ERROR - Error in stream_task_updates: 'NoneType' object has no attribute 'id'
2025-02-27 17:51:56,235 - ERROR - Error in stream_task_updates: 'NoneType' object has no attribute 'id'
2025-02-27 17:51:58,236 - ERROR - Error in stream_task_updates: 'NoneType' object has no attribute 'id'
2025-02-27 17:52:00,237 - ERROR - Error in stream_task_updates: 'NoneType' object has no attribute 'id'
2025-02-27 17:52:02,237 - ERROR - Error in stream_task_updates: 'NoneType' object has no attribute 'id'
2025-02-27 17:52:04,238 - ERROR - Error in stream_task_updates: 'NoneType' object has no attribute 'id'
2025-02-27 17:52:06,238 - ERROR - Error in stream_task_updates: 'NoneType' object has no attribute 'id'
2025-02-27 17:52:08,239 - ERROR - Error in stream_task_updates: 'NoneType' object has no attribute 'id'
2025-02-27 17:52:10,239 - ERROR - Error in stream_task_updates: 'NoneType' object has no attribute 'id'
2025-02-27 17:52:12,240 - ERROR - Error in stream_task_updates: 'NoneType' object has no attribute 'id'
2025-02-27 17:52:13,437 - INFO - Starting scheduled task checker
2025-02-27 17:52:14,240 - ERROR - Error in stream_task_updates: 'NoneType' object has no attribute 'id'
2025-02-27 17:52:16,242 - ERROR - Error in stream_task_updates: 'NoneType' object has no attribute 'id'
2025-02-27 17:52:17,394 - INFO - Starting scheduled task checker
2025-02-27 17:52:22,326 - ERROR - Error in stream_task_updates: 'NoneType' object has no attribute 'id'
2025-02-27 17:52:24,327 - ERROR - Error in stream_task_updates: 'NoneType' object has no attribute 'id'
2025-02-27 17:52:26,328 - ERROR - Error in stream_task_updates: 'NoneType' object has no attribute 'id'
2025-02-27 17:52:28,328 - ERROR - Error in stream_task_updates: 'NoneType' object has no attribute 'id'
2025-02-27 17:52:30,339 - ERROR - Error in stream_task_updates: 'NoneType' object has no attribute 'id'
2025-02-27 17:52:32,340 - ERROR - Error in stream_task_updates: 'NoneType' object has no attribute 'id'
2025-02-27 17:52:34,341 - ERROR - Error in stream_task_updates: 'NoneType' object has no attribute 'id'
2025-02-27 17:52:36,341 - ERROR - Error in stream_task_updates: 'NoneType' object has no attribute 'id'
2025-02-27 17:52:38,342 - ERROR - Error in stream_task_updates: 'NoneType' object has no attribute 'id'
2025-02-27 17:52:40,342 - ERROR - Error in stream_task_updates: 'NoneType' object has no attribute 'id'
2025-02-27 17:52:42,343 - ERROR - Error in stream_task_updates: 'NoneType' object has no attribute 'id'
2025-02-27 17:52:44,343 - ERROR - Error in stream_task_updates: 'NoneType' object has no attribute 'id'
2025-02-27 17:52:46,344 - ERROR - Error in stream_task_updates: 'NoneType' object has no attribute 'id'
2025-02-27 17:52:48,345 - ERROR - Error in stream_task_updates: 'NoneType' object has no attribute 'id'
2025-02-27 17:52:49,530 - INFO - Starting scheduled task checker
2025-02-27 17:52:50,345 - ERROR - Error in stream_task_updates: 'NoneType' object has no attribute 'id'
2025-02-27 17:52:52,698 - INFO - Starting scheduled task checker
2025-02-27 17:53:23,751 - INFO - Starting scheduled task checker
2025-02-27 17:53:25,522 - ERROR - Error in stream_task_updates: 'NoneType' object has no attribute 'id'
2025-02-27 17:53:27,523 - ERROR - Error in stream_task_updates: 'NoneType' object has no attribute 'id'
2025-02-27 17:53:29,523 - ERROR - Error in stream_task_updates: 'NoneType' object has no attribute 'id'
2025-02-27 17:53:31,524 - ERROR - Error in stream_task_updates: 'NoneType' object has no attribute 'id'
2025-02-27 17:53:33,524 - ERROR - Error in stream_task_updates: 'NoneType' object has no attribute 'id'
2025-02-27 17:53:35,525 - ERROR - Error in stream_task_updates: 'NoneType' object has no attribute 'id'
2025-02-27 17:53:37,526 - ERROR - Error in stream_task_updates: 'NoneType' object has no attribute 'id'
2025-02-27 17:53:39,526 - ERROR - Error in stream_task_updates: 'NoneType' object has no attribute 'id'
2025-02-27 17:53:41,527 - ERROR - Error in stream_task_updates: 'NoneType' object has no attribute 'id'
2025-02-27 17:53:43,527 - ERROR - Error in stream_task_updates: 'NoneType' object has no attribute 'id'
2025-02-27 17:53:45,528 - ERROR - Error in stream_task_updates: 'NoneType' object has no attribute 'id'
2025-02-27 17:53:47,529 - ERROR - Error in stream_task_updates: 'NoneType' object has no attribute 'id'
2025-02-27 17:53:49,530 - ERROR - Error in stream_task_updates: 'NoneType' object has no attribute 'id'
2025-02-27 17:53:51,531 - ERROR - Error in stream_task_updates: 'NoneType' object has no attribute 'id'
2025-02-27 17:53:53,531 - ERROR - Error in stream_task_updates: 'NoneType' object has no attribute 'id'
2025-02-27 17:53:55,906 - INFO - Starting scheduled task checker
2025-02-27 17:53:57,797 - INFO - Starting scheduled task checker
2025-02-27 17:54:25,408 - INFO - Starting scheduled task checker
2025-02-27 17:54:30,239 - INFO - Starting scheduled task checker
2025-02-27 17:54:32,076 - INFO - Starting scheduled task checker
2025-02-27 17:55:04,340 - INFO - Starting scheduled task checker
2025-02-27 17:55:37,965 - INFO - Starting scheduled task checker
2025-02-27 17:55:38,157 - INFO - Starting scheduled task checker
2025-02-27 17:55:40,217 - INFO - Created new task 10 for URL: https://www.instagram.com/reels/DBy6mQMoF13/
2025-02-27 17:56:10,564 - INFO - Starting scheduled task checker
2025-02-27 17:56:11,775 - INFO - Starting scheduled task checker
2025-02-27 17:56:42,995 - INFO - Starting scheduled task checker
2025-02-27 17:56:44,256 - INFO - Starting scheduled task checker
2025-02-27 17:57:17,260 - INFO - Starting scheduled task checker
2025-02-27 17:57:49,412 - INFO - Starting scheduled task checker
2025-02-27 17:58:23,378 - INFO - Starting scheduled task checker
2025-02-27 17:58:23,562 - INFO - Starting scheduled task checker
2025-02-27 17:58:31,623 - INFO - Starting scheduled task checker
2025-02-27 17:58:56,670 - INFO - Starting scheduled task checker
2025-02-27 17:59:29,969 - INFO - Starting scheduled task checker
2025-02-27 17:59:30,269 - INFO - Starting scheduled task checker
2025-02-27 17:59:43,644 - INFO - Starting scheduled task checker
2025-02-27 17:59:52,859 - INFO - Starting scheduled task checker
2025-02-27 17:59:56,341 - INFO - Starting scheduled task checker
2025-02-27 18:00:53,777 - INFO - Starting scheduled task checker
2025-02-27 18:01:25,825 - INFO - Starting scheduled task checker
2025-02-27 18:02:24,085 - INFO - Starting scheduled task checker
2025-02-27 18:02:50,428 - INFO - Created new task 11 for URL: https://www.instagram.com/reels/DBy6mQMoF13/
2025-02-27 18:02:59,812 - INFO - Starting scheduled task checker
2025-02-27 18:03:35,677 - INFO - Starting scheduled task checker
2025-02-27 18:03:35,806 - INFO - Starting scheduled task checker
2025-02-27 18:03:45,195 - INFO - Starting scheduled task checker
2025-02-27 18:05:11,549 - INFO - Starting scheduled task checker
2025-02-27 18:05:38,966 - INFO - Created new task 12 for URL: https://www.instagram.com/reels/DBy6mQMoF13/
2025-02-27 18:05:55,764 - INFO - Created new task 13 for URL: https://www.instagram.com/reels/DBy6mQMoF13/
2025-02-27 18:06:11,801 - INFO - Starting scheduled task checker
2025-02-27 18:06:14,214 - INFO - All tasks (5) cleared by user liftlearnrepeat
2025-02-27 18:07:09,914 - INFO - Starting scheduled task checker
2025-02-27 18:07:36,175 - INFO - Starting scheduled task checker
2025-02-27 18:07:43,003 - INFO - Starting scheduled task checker
2025-02-27 18:09:03,166 - INFO - Created new task 14 for URL: https://www.instagram.com/reels/DBy6mQMoF13/
2025-02-27 18:09:03,581 - INFO - Starting scheduled task checker
2025-02-27 18:09:39,895 - INFO - Starting scheduled task checker
2025-02-27 18:09:42,030 - INFO - All tasks (1) cleared by user liftlearnrepeat
2025-02-27 18:09:54,495 - INFO - Created new task 15 for URL: https://www.instagram.com/reels/DBy6mQMoF13/
2025-02-27 18:10:37,887 - INFO - Starting scheduled task checker
2025-02-27 18:11:14,410 - INFO - Starting scheduled task checker
2025-02-27 18:11:38,144 - INFO - Starting scheduled task checker
2025-02-27 18:11:42,670 - INFO - Starting scheduled task checker
2025-02-27 18:11:42,795 - INFO - Starting scheduled task checker
2025-02-27 18:12:15,391 - INFO - Starting scheduled task checker
2025-02-27 18:12:29,018 - INFO - Starting complete function test
2025-02-27 18:12:29,018 - INFO - ======= TESTING INSTAGRAM LOGIN =======
2025-02-27 18:12:29,387 - INFO - Starting scheduled task checker
2025-02-27 18:12:31,050 - INFO - Testing login with username: liftlearnrepeat
2025-02-27 18:12:31,050 - INFO - Testing download with URL: https://www.instagram.com/reels/DBy6mQMoF13/
2025-02-27 18:12:31,050 - INFO - Downloading reel from URL: https://www.instagram.com/reels/DBy6mQMoF13/
2025-02-27 18:12:32,537 - INFO - Downloaded reel with shortcode: DBy6mQMoF13
2025-02-27 18:12:32,538 - INFO - Actual downloaded file path: downloads/2024-10-31_16-44-18_UTC.mp4
2025-02-27 18:12:32,544 - INFO - Login successful! Downloaded file to: downloads/2024-10-31_16-44-18_UTC.mp4
2025-02-27 18:12:32,616 - INFO - ======= TESTING VIDEO PROCESSING =======
2025-02-27 18:12:32,616 - INFO - Processing video: downloads/2024-10-31_16-44-18_UTC.mp4
2025-02-27 18:12:32,619 - INFO - Processed video saved to: processed_videos/2024-10-31_16-44-18_UTC.mp4
2025-02-27 18:12:32,619 - INFO - Processing successful! Processed file at: processed_videos/2024-10-31_16-44-18_UTC.mp4
2025-02-27 18:12:32,619 - INFO - ======= TESTING VIDEO UPLOAD =======
2025-02-27 18:12:32,619 - INFO - Simulating upload of video: processed_videos/2024-10-31_16-44-18_UTC.mp4
2025-02-27 18:12:32,619 - INFO - Caption: Test upload at 2025-02-27 18:12:32 #test
2025-02-27 18:12:32,619 - INFO - Upload attempt 1/3
2025-02-27 18:12:32,619 - INFO - Upload simulation successful for: processed_videos/2024-10-31_16-44-18_UTC.mp4
2025-02-27 18:12:32,619 - INFO - Upload successful!
2025-02-27 18:12:32,620 - INFO - Test results: Login/Download: True, Processing: True, Upload: True
2025-02-27 18:12:32,621 - INFO - Overall test successful
2025-02-27 18:12:44,386 - INFO - Starting scheduled task checker
2025-02-27 18:12:51,280 - INFO - Starting scheduled task checker
2025-02-27 18:13:19,635 - INFO - Created new task 16 for URL: https://www.instagram.com/reels/DBy6mQMoF13/
2025-02-27 18:13:26,469 - INFO - Starting scheduled task checker
2025-02-27 18:14:02,518 - INFO - Starting scheduled task checker
2025-02-27 18:14:39,486 - INFO - Starting scheduled task checker
2025-02-27 18:15:36,516 - INFO - Starting scheduled task checker
2025-02-27 18:16:12,069 - INFO - Starting scheduled task checker
2025-02-27 18:16:47,697 - INFO - Starting scheduled task checker
2025-02-27 18:17:35,585 - INFO - Starting scheduled task checker
2025-02-27 18:18:11,098 - INFO - Starting scheduled task checker
2025-02-27 18:18:47,155 - INFO - Starting scheduled task checker
2025-02-27 18:18:47,957 - INFO - Starting scheduled task checker
2025-02-27 18:19:00,093 - INFO - Starting scheduled task checker
2025-02-27 18:19:02,973 - INFO - Starting scheduled task checker
2025-02-27 18:19:36,171 - INFO - Starting scheduled task checker
2025-02-27 18:20:12,975 - INFO - Instagram credentials updated for user: liftlearnrepeat
2025-02-27 18:20:26,746 - INFO - Created new task 17 for URL: https://www.instagram.com/reels/DBy6mQMoF13/
2025-02-27 18:20:36,670 - INFO - Starting scheduled task checker
2025-02-27 18:20:38,861 - INFO - Instagram credentials updated for user: liftlearnrepeat
2025-02-27 18:20:48,921 - INFO - Starting scheduled task checker
2025-02-27 18:21:24,988 - INFO - Starting scheduled task checker
2025-02-27 18:22:22,530 - INFO - Starting scheduled task checker
2025-02-27 18:23:22,782 - INFO - Starting scheduled task checker
2025-02-27 18:23:25,365 - INFO - Starting scheduled task checker
2025-02-27 18:23:27,056 - INFO - Starting complete function test
2025-02-27 18:23:27,056 - INFO - ======= TESTING INSTAGRAM LOGIN =======
2025-02-27 18:23:27,575 - INFO - Starting scheduled task checker
2025-02-27 18:23:27,765 - INFO - Starting scheduled task checker
2025-02-27 18:23:29,464 - INFO - Testing login with username: liftlearnrepeat
2025-02-27 18:23:29,464 - INFO - Testing download with URL: https://www.instagram.com/reels/DBy6mQMoF13/
2025-02-27 18:23:29,464 - INFO - Downloading reel from URL: https://www.instagram.com/reels/DBy6mQMoF13/
2025-02-27 18:23:30,156 - INFO - Downloaded reel with shortcode: DBy6mQMoF13
2025-02-27 18:23:30,156 - INFO - Actual downloaded file path: downloads/2024-10-31_16-44-18_UTC.mp4
2025-02-27 18:23:30,156 - INFO - Login successful! Downloaded file to: downloads/2024-10-31_16-44-18_UTC.mp4
2025-02-27 18:23:30,228 - INFO - ======= TESTING VIDEO PROCESSING =======
2025-02-27 18:23:30,228 - INFO - Processing video: downloads/2024-10-31_16-44-18_UTC.mp4
2025-02-27 18:23:30,230 - INFO - Processed video saved to: processed_videos/2024-10-31_16-44-18_UTC.mp4
2025-02-27 18:23:30,231 - INFO - Processing successful! Processed file at: processed_videos/2024-10-31_16-44-18_UTC.mp4
2025-02-27 18:23:30,231 - INFO - ======= TESTING VIDEO UPLOAD =======
2025-02-27 18:23:30,446 - INFO - Starting upload with user: liftlearnrepeat
2025-02-27 18:23:30,447 - INFO - Upload attempt 1/3
2025-02-27 18:23:30,447 - INFO - Attempting to login with username and password for liftlearnrepeat...
2025-02-27 18:23:30,447 - INFO - https://i.instagram.com/api/v1/launcher/sync/
2025-02-27 18:23:30,901 - INFO - liftlearnrepeat [200] POST https://i.instagram.com/api/v1/launcher/sync/ (269.0.0.18.75, OnePlus 6T Dev)
2025-02-27 18:23:31,095 - INFO - https://i.instagram.com/api/v1/accounts/login/
2025-02-27 18:23:33,088 - INFO - liftlearnrepeat [400] POST https://i.instagram.com/api/v1/accounts/login/ (269.0.0.18.75, OnePlus 6T Dev)
2025-02-27 18:23:33,089 - ERROR - Login failed: We can send you an email to help you get back into your account. If you are sure that the password is correct, then change your IP address, because it is added to the blacklist of the Instagram Server
2025-02-27 18:23:33,089 - ERROR - Failed to login to Instagram
2025-02-27 18:23:58,716 - INFO - Starting scheduled task checker
2025-02-27 18:23:59,542 - INFO - Instagram credentials updated for user: liftlearnrepeat
2025-02-27 18:24:03,089 - INFO - Upload attempt 2/3
2025-02-27 18:24:03,089 - INFO - Attempting to login with username and password for liftlearnrepeat...
2025-02-27 18:24:03,090 - INFO - https://i.instagram.com/api/v1/launcher/sync/
2025-02-27 18:24:03,405 - INFO - liftlearnrepeat [200] POST https://i.instagram.com/api/v1/launcher/sync/ (269.0.0.18.75, OnePlus 6T Dev)
2025-02-27 18:24:03,556 - INFO - https://i.instagram.com/api/v1/accounts/login/
2025-02-27 18:24:04,652 - INFO - liftlearnrepeat [400] POST https://i.instagram.com/api/v1/accounts/login/ (269.0.0.18.75, OnePlus 6T Dev)
2025-02-27 18:24:04,652 - ERROR - Login failed: We can send you an email to help you get back into your account. If you are sure that the password is correct, then change your IP address, because it is added to the blacklist of the Instagram Server
2025-02-27 18:24:04,652 - ERROR - Failed to login to Instagram
2025-02-27 18:24:11,977 - INFO - Created new task 18 for URL: https://www.instagram.com/reels/DBy6mQMoF13/
2025-02-27 18:24:35,097 - INFO - Starting scheduled task checker
2025-02-27 18:24:35,984 - INFO - Starting scheduled task checker
2025-02-27 18:25:10,101 - INFO - Starting scheduled task checker
2025-02-27 18:25:43,773 - INFO - Starting scheduled task checker
2025-02-27 18:26:19,614 - INFO - Starting scheduled task checker
2025-02-27 18:27:11,392 - INFO - Starting scheduled task checker
2025-02-27 18:28:10,201 - INFO - Starting scheduled task checker
2025-02-27 18:28:15,995 - INFO - Starting scheduled task checker
2025-02-27 18:28:15,997 - INFO - Starting scheduled task checker
2025-02-27 18:28:39,391 - INFO - Starting scheduled task checker
2025-02-27 18:28:40,618 - INFO - Starting scheduled task checker
2025-02-27 18:29:15,746 - INFO - Starting scheduled task checker
2025-02-27 18:29:49,388 - INFO - Starting scheduled task checker
2025-02-27 18:29:51,557 - INFO - Instagram credentials updated for user: liftlearnrepeat
2025-02-27 18:30:06,540 - INFO - Created new task 19 for URL: https://www.instagram.com/reels/DBy6mQMoF13/
2025-02-27 18:30:21,500 - INFO - Created new task 20 for URL: https://www.instagram.com/reels/DBy6mQMoF13/
2025-02-27 18:30:51,093 - INFO - Starting scheduled task checker
2025-02-27 18:31:39,665 - INFO - Created new task 21 for URL: https://www.instagram.com/reels/DBy6mQMoF13/
2025-02-27 18:32:26,293 - INFO - Starting scheduled task checker
2025-02-27 18:33:25,604 - INFO - Starting scheduled task checker
2025-02-27 18:34:08,505 - INFO - Starting scheduled task checker
2025-02-27 18:35:02,807 - INFO - Starting scheduled task checker
2025-02-27 18:35:31,402 - INFO - Starting complete function test
2025-02-27 18:35:31,402 - INFO - ======= TESTING INSTAGRAM LOGIN =======
2025-02-27 18:35:31,794 - INFO - Starting scheduled task checker
2025-02-27 18:35:33,541 - INFO - Testing login with username: liftlearnrepeat
2025-02-27 18:35:33,544 - INFO - Testing login with username: liftlearnrepeat
2025-02-27 18:35:33,544 - INFO - Testing download with URL: https://www.instagram.com/reels/DBy6mQMoF13/
2025-02-27 18:35:33,544 - INFO - Downloading reel from URL: https://www.instagram.com/reels/DBy6mQMoF13/
2025-02-27 18:35:33,544 - INFO - Logging in as liftlearnrepeat
2025-02-27 18:35:37,855 - ERROR - Login failed: Login error: "fail" status, message "".
2025-02-27 18:35:38,951 - INFO - Starting scheduled task checker
2025-02-27 18:35:40,017 - INFO - Downloaded reel with shortcode: DBy6mQMoF13
2025-02-27 18:35:40,018 - INFO - Actual downloaded file path: downloads/2024-10-31_16-44-18_UTC.mp4
2025-02-27 18:35:40,018 - INFO - Login successful! Downloaded file to: downloads/2024-10-31_16-44-18_UTC.mp4
2025-02-27 18:35:40,090 - INFO - ======= TESTING VIDEO PROCESSING =======
2025-02-27 18:35:40,092 - INFO - Processing video: downloads/2024-10-31_16-44-18_UTC.mp4
2025-02-27 18:35:40,095 - INFO - Processed video saved to: processed_videos/2024-10-31_16-44-18_UTC.mp4
2025-02-27 18:35:40,095 - INFO - Processing successful! Processed file at: processed_videos/2024-10-31_16-44-18_UTC.mp4
2025-02-27 18:35:40,095 - INFO - ======= TESTING VIDEO UPLOAD =======
2025-02-27 18:35:40,095 - WARNING - No current task ID found, falling back to first user
2025-02-27 18:35:40,315 - INFO - Starting upload with user: liftlearnrepeat
2025-02-27 18:35:40,316 - INFO - Upload attempt 1/3
2025-02-27 18:35:40,316 - INFO - Logging in with username and password for liftlearnrepeat...
2025-02-27 18:35:40,316 - INFO - https://i.instagram.com/api/v1/launcher/sync/
2025-02-27 18:35:40,494 - INFO - liftlearnrepeat [403] POST https://i.instagram.com/api/v1/launcher/sync/ (269.0.0.18.75, OnePlus 6T Dev)
2025-02-27 18:35:40,495 - ERROR - Login failed: {"message":"CSRF token missing or incorrect","status":"fail"}
2025-02-27 18:35:40,495 - ERROR - Failed to login to Instagram on attempt 1
2025-02-27 18:36:05,363 - INFO - Starting scheduled task checker
2025-02-27 18:36:05,897 - INFO - Starting scheduled task checker
2025-02-27 18:36:06,920 - INFO - Starting scheduled task checker
2025-02-27 18:36:24,588 - INFO - Starting scheduled task checker
2025-02-27 18:36:40,089 - INFO - Starting scheduled task checker
2025-02-27 18:36:48,088 - INFO - Starting scheduled task checker
2025-02-27 18:37:37,887 - INFO - Starting scheduled task checker
2025-02-27 18:38:23,445 - INFO - Starting scheduled task checker
2025-02-27 18:38:35,419 - INFO - Starting scheduled task checker
2025-02-27 18:38:36,241 - INFO - Starting scheduled task checker
2025-02-27 18:38:48,104 - INFO - Starting scheduled task checker
2025-02-27 18:39:10,827 - INFO - Starting scheduled task checker
